Killbots 2.8
Round timed out
Round was a draw
End of 5 rounds. Score:
   Max: 1
   Bottymcbotface: 3
End of 5 rounds. Score:
   Max: 1
   Bottymcbotface: 4
End of 5 rounds. Score:
   Max: 1
   Bottymcbotface: 5
End of 5 rounds. Score:
   Max: 1
   Bottymcbotface: 6
End of 5 rounds. Score:
   Max: 1
   Bottymcbotface: 7
End of 5 rounds. Score:
   Max: 1
   Bottymcbotface: 8
End of 5 rounds. Score:
   Max: 1
   Bottymcbotface: 9
End of 5 rounds. Score:
   Max: 1
   Bottymcbotface: 10
End of 5 rounds. Score:
   Max: 1
   Bottymcbotface: 11
End of 5 rounds. Score:
   Max: 1
   Bottymcbotface: 12
End of 5 rounds. Score:
   Max: 1
   Bottymcbotface: 13
Round timed out
Round was a draw
End of 5 rounds. Score:
   Max: 1
   Bottymcbotface: 13
End of 5 rounds. Score:
   Max: 1
   Bottymcbotface: 14
End of 5 rounds. Score:
   Max: 1
   Bottymcbotface: 15
End of 5 rounds. Score:
   Max: 1
   Bottymcbotface: 16
End of 5 rounds. Score:
   Max: 1
   Bottymcbotface: 17
End of 5 rounds. Score:
   Max: 1
   Bottymcbotface: 18
End of 5 rounds. Score:
   Max: 1
   Bottymcbotface: 19
End of 5 rounds. Score:
   Max: 1
   Bottymcbotface: 20
End of 5 rounds. Score:
   Max: 1
   Bottymcbotface: 21
End of 5 rounds. Score:
   Max: 1
   Bottymcbotface: 22
End of 5 rounds. Score:
   Max: 1
   Bottymcbotface: 4
End of 5 rounds. Score:
   Max: 4
   Bottymcbotface: 1
